[    32.452] 
X.Org X Server 1.21.1.3
X Protocol Version 11, Revision 0
[    32.452] Current Operating System: Linux archy 5.15.43-1-lts #1 SMP Wed, 25 May 2022 14:08:34 +0000 x86_64
[    32.453] Kernel command line: BOOT_IMAGE=/boot/vmlinuz-linux-lts root=/dev/mapper/volgroup0-lv_root rw loglevel=3 quiet
[    32.453]  
[    32.453] Current version of pixman: 0.40.0
[    32.453] 	Before reporting problems, check http://wiki.x.org
	to make sure that you have the latest version.
[    32.453] Markers: (--) probed, (**) from config file, (==) default setting,
	(++) from command line, (!!) notice, (II) informational,
	(WW) warning, (EE) error, (NI) not implemented, (??) unknown.
[    32.454] (==) Log file: "/home/andnr3s/.local/share/xorg/Xorg.0.log", Time: Tue Jun  7 16:55:17 2022
[    32.485] (==) Using system config directory "/usr/share/X11/xorg.conf.d"
[    32.501] (==) No Layout section.  Using the first Screen section.
[    32.501] (==) No screen section available. Using defaults.
[    32.501] (**) |-->Screen "Default Screen Section" (0)
[    32.501] (**) |   |-->Monitor "<default monitor>"
[    32.501] (==) No monitor specified for screen "Default Screen Section".
	Using a default monitor configuration.
[    32.501] (==) Automatically adding devices
[    32.501] (==) Automatically enabling devices
[    32.501] (==) Automatically adding GPU devices
[    32.501] (==) Automatically binding GPU devices
[    32.502] (==) Max clients allowed: 256, resource mask: 0x1fffff
[    32.508] (WW) The directory "/usr/share/fonts/misc" does not exist.
[    32.508] 	Entry deleted from font path.
[    32.508] (WW) The directory "/usr/share/fonts/TTF" does not exist.
[    32.508] 	Entry deleted from font path.
[    32.513] (WW) `fonts.dir' not found (or not valid) in "/usr/share/fonts/OTF".
[    32.513] 	Entry deleted from font path.
[    32.513] 	(Run 'mkfontdir' on "/usr/share/fonts/OTF").
[    32.514] (WW) The directory "/usr/share/fonts/Type1" does not exist.
[    32.514] 	Entry deleted from font path.
[    32.514] (WW) The directory "/usr/share/fonts/100dpi" does not exist.
[    32.514] 	Entry deleted from font path.
[    32.514] (WW) The directory "/usr/share/fonts/75dpi" does not exist.
[    32.514] 	Entry deleted from font path.
[    32.514] (==) FontPath set to:
	
[    32.514] (==) ModulePath set to "/usr/lib/xorg/modules"
[    32.514] (II) The server relies on udev to provide the list of input devices.
	If no devices become available, reconfigure udev or disable AutoAddDevices.
[    32.514] (II) Module ABI versions:
[    32.514] 	X.Org ANSI C Emulation: 0.4
[    32.514] 	X.Org Video Driver: 25.2
[    32.514] 	X.Org XInput driver : 24.4
[    32.514] 	X.Org Server Extension : 10.0
[    32.515] (++) using VT number 1

[    32.518] (II) systemd-logind: took control of session /org/freedesktop/login1/session/_31
[    32.520] (II) xfree86: Adding drm device (/dev/dri/card0)
[    32.520] (II) Platform probe for /sys/devices/pci0000:00/0000:00:02.0/drm/card0
[    32.521] (II) systemd-logind: got fd for /dev/dri/card0 226:0 fd 13 paused 0
[    32.526] (--) PCI:*(0@0:2:0) 8086:0166:103c:18a5 rev 9, Mem @ 0xc1000000/4194304, 0xb0000000/268435456, I/O @ 0x00004000/64, BIOS @ 0x????????/131072
[    32.526] (--) PCI: (1@0:0:0) 1002:6840:103c:18a5 rev 0, Mem @ 0xa0000000/268435456, 0xc0000000/131072, I/O @ 0x00003000/256, BIOS @ 0x????????/131072
[    32.526] (WW) Open ACPI failed (/var/run/acpid.socket) (No such file or directory)
[    32.526] (II) LoadModule: "glx"
[    32.527] (II) Loading /usr/lib/xorg/modules/extensions/libglx.so
[    32.588] (II) Module glx: vendor="X.Org Foundation"
[    32.588] 	compiled for 1.21.1.3, module version = 1.0.0
[    32.588] 	ABI class: X.Org Server Extension, version 10.0
[    32.588] (==) Matched intel as autoconfigured driver 0
[    32.588] (==) Matched modesetting as autoconfigured driver 1
[    32.588] (==) Matched fbdev as autoconfigured driver 2
[    32.588] (==) Matched vesa as autoconfigured driver 3
[    32.588] (==) Assigned the driver to the xf86ConfigLayout
[    32.588] (II) LoadModule: "intel"
[    32.589] (WW) Warning, couldn't open module intel
[    32.589] (EE) Failed to load module "intel" (module does not exist, 0)
[    32.589] (II) LoadModule: "modesetting"
[    32.589] (II) Loading /usr/lib/xorg/modules/drivers/modesetting_drv.so
[    32.623] (II) Module modesetting: vendor="X.Org Foundation"
[    32.623] 	compiled for 1.21.1.3, module version = 1.21.1
[    32.623] 	Module class: X.Org Video Driver
[    32.623] 	ABI class: X.Org Video Driver, version 25.2
[    32.623] (II) LoadModule: "fbdev"
[    32.624] (WW) Warning, couldn't open module fbdev
[    32.624] (EE) Failed to load module "fbdev" (module does not exist, 0)
[    32.624] (II) LoadModule: "vesa"
[    32.624] (WW) Warning, couldn't open module vesa
[    32.624] (EE) Failed to load module "vesa" (module does not exist, 0)
[    32.624] (II) modesetting: Driver for Modesetting Kernel Drivers: kms
[    32.624] (II) modeset(0): using drv /dev/dri/card0
[    32.624] (WW) VGA arbiter: cannot open kernel arbiter, no multi-card support
[    32.624] (II) modeset(0): Creating default Display subsection in Screen section
	"Default Screen Section" for depth/fbbpp 24/32
[    32.624] (==) modeset(0): Depth 24, (==) framebuffer bpp 32
[    32.624] (==) modeset(0): RGB weight 888
[    32.624] (==) modeset(0): Default visual is TrueColor
[    32.625] (II) Loading sub module "glamoregl"
[    32.625] (II) LoadModule: "glamoregl"
[    32.625] (II) Loading /usr/lib/xorg/modules/libglamoregl.so
[    32.664] (II) Module glamoregl: vendor="X.Org Foundation"
[    32.664] 	compiled for 1.21.1.3, module version = 1.0.1
[    32.664] 	ABI class: X.Org ANSI C Emulation, version 0.4
[    34.839] (II) modeset(0): glamor X acceleration enabled on Mesa Intel(R) HD Graphics 4000 (IVB GT2)
[    34.839] (II) modeset(0): glamor initialized
[    34.839] (==) modeset(0): VariableRefresh: disabled
[    34.839] (==) modeset(0): AsyncFlipSecondaries: disabled
[    34.839] (II) modeset(0): Output LVDS-1 has no monitor section
[    34.840] (II) modeset(0): Output VGA-1 has no monitor section
[    34.842] (II) modeset(0): Output HDMI-1 has no monitor section
[    34.842] (II) modeset(0): Output DP-1 has no monitor section
[    34.842] (II) modeset(0): EDID for output LVDS-1
[    34.842] (II) modeset(0): Manufacturer: CMN  Model: 15b6  Serial#: 0
[    34.842] (II) modeset(0): Year: 2012  Week: 2
[    34.842] (II) modeset(0): EDID Version: 1.4
[    34.842] (II) modeset(0): Digital Display Input
[    34.842] (II) modeset(0): 6 bits per channel
[    34.842] (II) modeset(0): Digital interface is undefined
[    34.842] (II) modeset(0): Max Image Size [cm]: horiz.: 34  vert.: 19
[    34.842] (II) modeset(0): Gamma: 2.20
[    34.842] (II) modeset(0): No DPMS capabilities specified
[    34.842] (II) modeset(0): Supported color encodings: RGB 4:4:4 YCrCb 4:4:4 
[    34.843] (II) modeset(0): First detailed timing is preferred mode
[    34.843] (II) modeset(0): Preferred mode is native pixel format and refresh rate
[    34.843] (II) modeset(0): redX: 0.577 redY: 0.364   greenX: 0.348 greenY: 0.563
[    34.843] (II) modeset(0): blueX: 0.151 blueY: 0.116   whiteX: 0.313 whiteY: 0.329
[    34.843] (II) modeset(0): Manufacturer's mask: 0
[    34.843] (II) modeset(0): Supported detailed timing:
[    34.843] (II) modeset(0): clock: 76.4 MHz   Image Size:  344 x 193 mm
[    34.843] (II) modeset(0): h_active: 1366  h_sync: 1434  h_sync_end 1479 h_blank_end 1591 h_border: 0
[    34.843] (II) modeset(0): v_active: 768  v_sync: 772  v_sync_end 779 v_blanking: 800 v_border: 0
[    34.843] (II) modeset(0): Supported detailed timing:
[    34.843] (II) modeset(0): clock: 51.0 MHz   Image Size:  344 x 193 mm
[    34.843] (II) modeset(0): h_active: 1366  h_sync: 1434  h_sync_end 1479 h_blank_end 1591 h_border: 0
[    34.843] (II) modeset(0): v_active: 768  v_sync: 772  v_sync_end 779 v_blanking: 800 v_border: 0
[    34.843] (II) modeset(0): Unknown vendor-specific block 2
[    34.843] (II) modeset(0): EDID (in hex):
[    34.843] (II) modeset(0): 	00ffffffffffff000daeb61500000000
[    34.843] (II) modeset(0): 	02160104902213780ad1f5935d599026
[    34.843] (II) modeset(0): 	1d505400000001010101010101010101
[    34.843] (II) modeset(0): 	010101010101d81d56e150002030442d
[    34.843] (II) modeset(0): 	470058c11000001ae71356e150002030
[    34.843] (II) modeset(0): 	442d470058c11000001a000000000000
[    34.843] (II) modeset(0): 	00000000000000000000000000000002
[    34.843] (II) modeset(0): 	000c4cff0a3c6410121e64000000004c
[    34.843] (II) modeset(0): Printing probed modes for output LVDS-1
[    34.843] (II) modeset(0): Modeline "1366x768"x60.0   76.40  1366 1434 1479 1591  768 772 779 800 +hsync -vsync (48.0 kHz eP)
[    34.843] (II) modeset(0): Modeline "1366x768"x40.0   50.95  1366 1434 1479 1591  768 772 779 800 +hsync -vsync (32.0 kHz e)
[    34.843] (II) modeset(0): Modeline "1280x720"x120.0  156.12  1280 1376 1512 1744  720 721 724 746 doublescan -hsync +vsync (89.5 kHz d)
[    34.843] (II) modeset(0): Modeline "1280x720"x120.0  120.75  1280 1304 1320 1360  720 721 724 740 doublescan +hsync -vsync (88.8 kHz d)
[    34.843] (II) modeset(0): Modeline "1280x720"x59.9   74.50  1280 1344 1472 1664  720 723 728 748 -hsync +vsync (44.8 kHz d)
[    34.843] (II) modeset(0): Modeline "1280x720"x59.7   63.75  1280 1328 1360 1440  720 723 728 741 +hsync -vsync (44.3 kHz d)
[    34.843] (II) modeset(0): Modeline "1024x768"x120.1  133.47  1024 1100 1212 1400  768 768 770 794 doublescan -hsync +vsync (95.3 kHz d)
[    34.843] (II) modeset(0): Modeline "1024x768"x60.0   65.00  1024 1048 1184 1344  768 771 777 806 -hsync -vsync (48.4 kHz d)
[    34.843] (II) modeset(0): Modeline "960x720"x120.0  117.00  960 1024 1128 1300  720 720 722 750 doublescan -hsync +vsync (90.0 kHz d)
[    34.843] (II) modeset(0): Modeline "928x696"x120.1  109.15  928 976 1088 1264  696 696 698 719 doublescan -hsync +vsync (86.4 kHz d)
[    34.843] (II) modeset(0): Modeline "896x672"x120.0  102.40  896 960 1060 1224  672 672 674 697 doublescan -hsync +vsync (83.7 kHz d)
[    34.843] (II) modeset(0): Modeline "1024x576"x119.9   98.50  1024 1092 1200 1376  576 577 580 597 doublescan -hsync +vsync (71.6 kHz d)
[    34.843] (II) modeset(0): Modeline "1024x576"x119.9   78.38  1024 1048 1064 1104  576 577 580 592 doublescan +hsync -vsync (71.0 kHz d)
[    34.843] (II) modeset(0): Modeline "1024x576"x59.9   46.50  1024 1064 1160 1296  576 579 584 599 -hsync +vsync (35.9 kHz d)
[    34.843] (II) modeset(0): Modeline "1024x576"x59.8   42.00  1024 1072 1104 1184  576 579 584 593 +hsync -vsync (35.5 kHz d)
[    34.843] (II) modeset(0): Modeline "960x600"x119.9   96.62  960 1028 1128 1296  600 601 604 622 doublescan -hsync +vsync (74.6 kHz d)
[    34.843] (II) modeset(0): Modeline "960x600"x120.0   77.00  960 984 1000 1040  600 601 604 617 doublescan +hsync -vsync (74.0 kHz d)
[    34.843] (II) modeset(0): Modeline "960x540"x119.9   86.50  960 1024 1124 1288  540 541 544 560 doublescan -hsync +vsync (67.2 kHz d)
[    34.843] (II) modeset(0): Modeline "960x540"x120.0   69.25  960 984 1000 1040  540 541 544 555 doublescan +hsync -vsync (66.6 kHz d)
[    34.843] (II) modeset(0): Modeline "960x540"x59.6   40.75  960 992 1088 1216  540 543 548 562 -hsync +vsync (33.5 kHz d)
[    34.843] (II) modeset(0): Modeline "960x540"x59.8   37.25  960 1008 1040 1120  540 543 548 556 +hsync -vsync (33.3 kHz d)
[    34.843] (II) modeset(0): Modeline "800x600"x120.0   81.00  800 832 928 1080  600 600 602 625 doublescan +hsync +vsync (75.0 kHz d)
[    34.843] (II) modeset(0): Modeline "800x600"x60.3   40.00  800 840 968 1056  600 601 605 628 +hsync +vsync (37.9 kHz d)
[    34.843] (II) modeset(0): Modeline "800x600"x56.2   36.00  800 824 896 1024  600 601 603 625 +hsync +vsync (35.2 kHz d)
[    34.843] (II) modeset(0): Modeline "840x525"x120.0   73.12  840 892 980 1120  525 526 529 544 doublescan -hsync +vsync (65.3 kHz d)
[    34.843] (II) modeset(0): Modeline "840x525"x119.8   59.50  840 864 880 920  525 526 529 540 doublescan +hsync -vsync (64.7 kHz d)
[    34.844] (II) modeset(0): Modeline "864x486"x59.9   32.50  864 888 968 1072  486 489 494 506 -hsync +vsync (30.3 kHz d)
[    34.844] (II) modeset(0): Modeline "864x486"x59.6   30.50  864 912 944 1024  486 489 494 500 +hsync -vsync (29.8 kHz d)
[    34.844] (II) modeset(0): Modeline "700x525"x120.0   61.00  700 744 820 940  525 526 532 541 doublescan +hsync +vsync (64.9 kHz d)
[    34.844] (II) modeset(0): Modeline "800x450"x119.9   59.12  800 848 928 1056  450 451 454 467 doublescan -hsync +vsync (56.0 kHz d)
[    34.844] (II) modeset(0): Modeline "800x450"x119.6   48.75  800 824 840 880  450 451 454 463 doublescan +hsync -vsync (55.4 kHz d)
[    34.844] (II) modeset(0): Modeline "640x512"x120.0   54.00  640 664 720 844  512 512 514 533 doublescan +hsync +vsync (64.0 kHz d)
[    34.844] (II) modeset(0): Modeline "700x450"x119.9   51.75  700 740 812 924  450 451 456 467 doublescan -hsync +vsync (56.0 kHz d)
[    34.844] (II) modeset(0): Modeline "700x450"x119.8   43.25  700 724 740 780  450 451 456 463 doublescan +hsync -vsync (55.4 kHz d)
[    34.844] (II) modeset(0): Modeline "640x480"x120.0   54.00  640 688 744 900  480 480 482 500 doublescan +hsync +vsync (60.0 kHz d)
[    34.844] (II) modeset(0): Modeline "640x480"x59.9   25.18  640 656 752 800  480 490 492 525 -hsync -vsync (31.5 kHz d)
[    34.844] (II) modeset(0): Modeline "720x405"x59.5   22.50  720 744 808 896  405 408 413 422 -hsync +vsync (25.1 kHz d)
[    34.844] (II) modeset(0): Modeline "720x405"x59.0   21.75  720 768 800 880  405 408 413 419 +hsync -vsync (24.7 kHz d)
[    34.844] (II) modeset(0): Modeline "684x384"x119.8   42.62  684 720 788 892  384 385 390 399 doublescan -hsync +vsync (47.8 kHz d)
[    34.844] (II) modeset(0): Modeline "684x384"x119.7   36.12  684 708 724 764  384 385 390 395 doublescan +hsync -vsync (47.3 kHz d)
[    34.844] (II) modeset(0): Modeline "640x400"x119.8   41.75  640 676 740 840  400 401 404 415 doublescan -hsync +vsync (49.7 kHz d)
[    34.844] (II) modeset(0): Modeline "640x400"x120.0   35.50  640 664 680 720  400 401 404 411 doublescan +hsync -vsync (49.3 kHz d)
[    34.844] (II) modeset(0): Modeline "640x360"x119.7   37.25  640 672 736 832  360 361 364 374 doublescan -hsync +vsync (44.8 kHz d)
[    34.844] (II) modeset(0): Modeline "640x360"x119.7   31.88  640 664 680 720  360 361 364 370 doublescan +hsync -vsync (44.3 kHz d)
[    34.844] (II) modeset(0): Modeline "640x360"x59.8   18.00  640 664 720 800  360 363 368 376 -hsync +vsync (22.5 kHz d)
[    34.844] (II) modeset(0): Modeline "640x360"x59.3   17.75  640 688 720 800  360 363 368 374 +hsync -vsync (22.2 kHz d)
[    34.844] (II) modeset(0): Modeline "512x384"x120.0   32.50  512 524 592 672  384 385 388 403 doublescan -hsync -vsync (48.4 kHz d)
[    34.844] (II) modeset(0): Modeline "512x288"x120.0   23.25  512 532 580 648  288 289 292 299 doublescan -hsync +vsync (35.9 kHz d)
[    34.844] (II) modeset(0): Modeline "512x288"x119.8   21.00  512 536 552 592  288 289 292 296 doublescan +hsync -vsync (35.5 kHz d)
[    34.844] (II) modeset(0): Modeline "480x270"x119.3   20.38  480 496 544 608  270 271 274 281 doublescan -hsync +vsync (33.5 kHz d)
[    34.844] (II) modeset(0): Modeline "480x270"x119.6   18.62  480 504 520 560  270 271 274 278 doublescan +hsync -vsync (33.3 kHz d)
[    34.844] (II) modeset(0): Modeline "400x300"x120.6   20.00  400 420 484 528  300 300 302 314 doublescan +hsync +vsync (37.9 kHz d)
[    34.844] (II) modeset(0): Modeline "400x300"x112.7   18.00  400 412 448 512  300 300 301 312 doublescan +hsync +vsync (35.2 kHz d)
[    34.844] (II) modeset(0): Modeline "432x243"x119.8   16.25  432 444 484 536  243 244 247 253 doublescan -hsync +vsync (30.3 kHz d)
[    34.844] (II) modeset(0): Modeline "432x243"x119.1   15.25  432 456 472 512  243 244 247 250 doublescan +hsync -vsync (29.8 kHz d)
[    34.844] (II) modeset(0): Modeline "320x240"x120.1   12.59  320 328 376 400  240 245 246 262 doublescan -hsync -vsync (31.5 kHz d)
[    34.844] (II) modeset(0): Modeline "360x202"x119.0   11.25  360 372 404 448  202 204 206 211 doublescan -hsync +vsync (25.1 kHz d)
[    34.844] (II) modeset(0): Modeline "360x202"x118.3   10.88  360 384 400 440  202 204 206 209 doublescan +hsync -vsync (24.7 kHz d)
[    34.844] (II) modeset(0): Modeline "320x180"x119.7    9.00  320 332 360 400  180 181 184 188 doublescan -hsync +vsync (22.5 kHz d)
[    34.844] (II) modeset(0): Modeline "320x180"x118.6    8.88  320 344 360 400  180 181 184 187 doublescan +hsync -vsync (22.2 kHz d)
[    34.845] (II) modeset(0): EDID for output VGA-1
[    34.847] (II) modeset(0): EDID for output HDMI-1
[    34.847] (II) modeset(0): EDID for output DP-1
[    34.847] (II) modeset(0): Output LVDS-1 connected
[    34.847] (II) modeset(0): Output VGA-1 disconnected
[    34.847] (II) modeset(0): Output HDMI-1 disconnected
[    34.847] (II) modeset(0): Output DP-1 disconnected
[    34.847] (II) modeset(0): Using exact sizes for initial modes
[    34.847] (II) modeset(0): Output LVDS-1 using initial mode 1366x768 +0+0
[    34.847] (==) modeset(0): Using gamma correction (1.0, 1.0, 1.0)
[    34.847] (==) modeset(0): DPI set to (96, 96)
[    34.847] (II) Loading sub module "fb"
[    34.847] (II) LoadModule: "fb"
[    34.847] (II) Module "fb" already built-in
[    35.192] (==) modeset(0): Backing store enabled
[    35.192] (==) modeset(0): Silken mouse enabled
[    35.232] (II) modeset(0): Initializing kms color map for depth 24, 8 bpc.
[    35.232] (==) modeset(0): DPMS enabled
[    35.233] (II) modeset(0): [DRI2] Setup complete
[    35.233] (II) modeset(0): [DRI2]   DRI driver: crocus
[    35.233] (II) modeset(0): [DRI2]   VDPAU driver: va_gl
[    35.233] (II) Initializing extension Generic Event Extension
[    35.233] (II) Initializing extension SHAPE
[    35.233] (II) Initializing extension MIT-SHM
[    35.233] (II) Initializing extension XInputExtension
[    35.234] (II) Initializing extension XTEST
[    35.234] (II) Initializing extension BIG-REQUESTS
[    35.234] (II) Initializing extension SYNC
[    35.235] (II) Initializing extension XKEYBOARD
[    35.235] (II) Initializing extension XC-MISC
[    35.235] (II) Initializing extension SECURITY
[    35.235] (II) Initializing extension XFIXES
[    35.235] (II) Initializing extension RENDER
[    35.236] (II) Initializing extension RANDR
[    35.236] (II) Initializing extension COMPOSITE
[    35.236] (II) Initializing extension DAMAGE
[    35.237] (II) Initializing extension MIT-SCREEN-SAVER
[    35.237] (II) Initializing extension DOUBLE-BUFFER
[    35.237] (II) Initializing extension RECORD
[    35.237] (II) Initializing extension DPMS
[    35.238] (II) Initializing extension Present
[    35.238] (II) Initializing extension DRI3
[    35.238] (II) Initializing extension X-Resource
[    35.238] (II) Initializing extension XVideo
[    35.238] (II) Initializing extension XVideo-MotionCompensation
[    35.238] (II) Initializing extension GLX
[    35.250] (II) AIGLX: Loaded and initialized crocus
[    35.250] (II) GLX: Initialized DRI2 GL provider for screen 0
[    35.250] (II) Initializing extension XFree86-VidModeExtension
[    35.250] (II) Initializing extension XFree86-DGA
[    35.251] (II) Initializing extension XFree86-DRI
[    35.251] (II) Initializing extension DRI2
[    35.252] (II) modeset(0): Damage tracking initialized
[    35.252] (II) modeset(0): Setting screen physical size to 361 x 203
[    35.537] (II) config/udev: Adding input device Power Button (/dev/input/event2)
[    35.537] (**) Power Button: Applying InputClass "libinput keyboard catchall"
[    35.537] (II) LoadModule: "libinput"
[    35.537] (II) Loading /usr/lib/xorg/modules/input/libinput_drv.so
[    35.571] (II) Module libinput: vendor="X.Org Foundation"
[    35.571] 	compiled for 1.21.1.3, module version = 1.2.1
[    35.571] 	Module class: X.Org XInput Driver
[    35.571] 	ABI class: X.Org XInput driver, version 24.4
[    35.571] (II) Using input driver 'libinput' for 'Power Button'
[    35.572] (II) systemd-logind: got fd for /dev/input/event2 13:66 fd 27 paused 0
[    35.572] (**) Power Button: always reports core events
[    35.572] (**) Option "Device" "/dev/input/event2"
[    35.674] (II) event2  - Power Button: is tagged by udev as: Keyboard
[    35.674] (II) event2  - Power Button: device is a keyboard
[    35.674] (II) event2  - Power Button: device removed
[    35.674] (**) Option "config_info" "udev:/sys/devices/LNXSYSTM:00/LNXPWRBN:00/input/input2/event2"
[    35.674] (II) XINPUT: Adding extended input device "Power Button" (type: KEYBOARD, id 6)
[    35.675] (II) event2  - Power Button: is tagged by udev as: Keyboard
[    35.675] (II) event2  - Power Button: device is a keyboard
[    35.675] (II) config/udev: Adding input device Video Bus (/dev/input/event8)
[    35.675] (**) Video Bus: Applying InputClass "libinput keyboard catchall"
[    35.676] (II) Using input driver 'libinput' for 'Video Bus'
[    35.677] (II) systemd-logind: got fd for /dev/input/event8 13:72 fd 30 paused 0
[    35.677] (**) Video Bus: always reports core events
[    35.677] (**) Option "Device" "/dev/input/event8"
[    35.678] (II) event8  - Video Bus: is tagged by udev as: Keyboard
[    35.678] (II) event8  - Video Bus: device is a keyboard
[    35.678] (II) event8  - Video Bus: device removed
[    35.678] (**) Option "config_info" "udev:/sys/devices/LNXSYSTM:00/LNXSYBUS:00/PNP0A08:00/LNXVIDEO:02/input/input11/event8"
[    35.678] (II) XINPUT: Adding extended input device "Video Bus" (type: KEYBOARD, id 7)
[    35.679] (II) event8  - Video Bus: is tagged by udev as: Keyboard
[    35.679] (II) event8  - Video Bus: device is a keyboard
[    35.680] (II) config/udev: Adding input device Power Button (/dev/input/event0)
[    35.680] (**) Power Button: Applying InputClass "libinput keyboard catchall"
[    35.680] (II) Using input driver 'libinput' for 'Power Button'
[    35.682] (II) systemd-logind: got fd for /dev/input/event0 13:64 fd 31 paused 0
[    35.682] (**) Power Button: always reports core events
[    35.682] (**) Option "Device" "/dev/input/event0"
[    35.683] (II) event0  - Power Button: is tagged by udev as: Keyboard
[    35.683] (II) event0  - Power Button: device is a keyboard
[    35.683] (II) event0  - Power Button: device removed
[    35.683] (**) Option "config_info" "udev:/sys/devices/LNXSYSTM:00/LNXSYBUS:00/PNP0A08:00/device:01/PNP0C0C:00/input/input0/event0"
[    35.683] (II) XINPUT: Adding extended input device "Power Button" (type: KEYBOARD, id 8)
[    35.684] (II) event0  - Power Button: is tagged by udev as: Keyboard
[    35.684] (II) event0  - Power Button: device is a keyboard
[    35.685] (II) config/udev: Adding input device Video Bus (/dev/input/event7)
[    35.685] (**) Video Bus: Applying InputClass "libinput keyboard catchall"
[    35.685] (II) Using input driver 'libinput' for 'Video Bus'
[    35.687] (II) systemd-logind: got fd for /dev/input/event7 13:71 fd 32 paused 0
[    35.687] (**) Video Bus: always reports core events
[    35.687] (**) Option "Device" "/dev/input/event7"
[    35.688] (II) event7  - Video Bus: is tagged by udev as: Keyboard
[    35.688] (II) event7  - Video Bus: device is a keyboard
[    35.688] (II) event7  - Video Bus: device removed
[    35.688] (**) Option "config_info" "udev:/sys/devices/LNXSYSTM:00/LNXSYBUS:00/PNP0A08:00/device:37/LNXVIDEO:00/input/input10/event7"
[    35.688] (II) XINPUT: Adding extended input device "Video Bus" (type: KEYBOARD, id 9)
[    35.689] (II) event7  - Video Bus: is tagged by udev as: Keyboard
[    35.689] (II) event7  - Video Bus: device is a keyboard
[    35.690] (II) config/udev: Adding input device Lid Switch (/dev/input/event1)
[    35.690] (II) No input driver specified, ignoring this device.
[    35.690] (II) This device may have been added with another device file.
[    35.691] (II) config/udev: Adding input device HP Truevision HD: HP Truevision (/dev/input/event10)
[    35.691] (**) HP Truevision HD: HP Truevision: Applying InputClass "libinput keyboard catchall"
[    35.691] (II) Using input driver 'libinput' for 'HP Truevision HD: HP Truevision'
[    35.693] (II) systemd-logind: got fd for /dev/input/event10 13:74 fd 33 paused 0
[    35.693] (**) HP Truevision HD: HP Truevision: always reports core events
[    35.693] (**) Option "Device" "/dev/input/event10"
[    35.694] (II) event10 - HP Truevision HD: HP Truevision: is tagged by udev as: Keyboard
[    35.694] (II) event10 - HP Truevision HD: HP Truevision: device is a keyboard
[    35.694] (II) event10 - HP Truevision HD: HP Truevision: device removed
[    35.694] (**) Option "config_info" "udev:/sys/devices/pci0000:00/0000:00:1a.0/usb1/1-1/1-1.1/1-1.1:1.0/input/input12/event10"
[    35.694] (II) XINPUT: Adding extended input device "HP Truevision HD: HP Truevision" (type: KEYBOARD, id 10)
[    35.696] (II) event10 - HP Truevision HD: HP Truevision: is tagged by udev as: Keyboard
[    35.696] (II) event10 - HP Truevision HD: HP Truevision: device is a keyboard
[    35.697] (II) config/udev: Adding input device HDA Intel PCH Mic (/dev/input/event11)
[    35.697] (II) No input driver specified, ignoring this device.
[    35.697] (II) This device may have been added with another device file.
[    35.697] (II) config/udev: Adding input device HDA Intel PCH Headphone (/dev/input/event12)
[    35.697] (II) No input driver specified, ignoring this device.
[    35.697] (II) This device may have been added with another device file.
[    35.697] (II) config/udev: Adding input device HDA Intel PCH HDMI/DP,pcm=3 (/dev/input/event13)
[    35.697] (II) No input driver specified, ignoring this device.
[    35.697] (II) This device may have been added with another device file.
[    35.698] (II) config/udev: Adding input device AT Translated Set 2 keyboard (/dev/input/event3)
[    35.698] (**) AT Translated Set 2 keyboard: Applying InputClass "libinput keyboard catchall"
[    35.698] (II) Using input driver 'libinput' for 'AT Translated Set 2 keyboard'
[    35.699] (II) systemd-logind: got fd for /dev/input/event3 13:67 fd 34 paused 0
[    35.699] (**) AT Translated Set 2 keyboard: always reports core events
[    35.699] (**) Option "Device" "/dev/input/event3"
[    35.700] (II) event3  - AT Translated Set 2 keyboard: is tagged by udev as: Keyboard
[    35.701] (II) event3  - AT Translated Set 2 keyboard: device is a keyboard
[    35.701] (II) event3  - AT Translated Set 2 keyboard: device removed
[    35.701] (**) Option "config_info" "udev:/sys/devices/platform/i8042/serio0/input/input3/event3"
[    35.701] (II) XINPUT: Adding extended input device "AT Translated Set 2 keyboard" (type: KEYBOARD, id 11)
[    35.702] (II) event3  - AT Translated Set 2 keyboard: is tagged by udev as: Keyboard
[    35.702] (II) event3  - AT Translated Set 2 keyboard: device is a keyboard
[    35.704] (II) config/udev: Adding input device SynPS/2 Synaptics TouchPad (/dev/input/event14)
[    35.704] (**) SynPS/2 Synaptics TouchPad: Applying InputClass "libinput touchpad catchall"
[    35.704] (II) Using input driver 'libinput' for 'SynPS/2 Synaptics TouchPad'
[    35.705] (II) systemd-logind: got fd for /dev/input/event14 13:78 fd 35 paused 0
[    35.705] (**) SynPS/2 Synaptics TouchPad: always reports core events
[    35.705] (**) Option "Device" "/dev/input/event14"
[    35.706] (II) event14 - SynPS/2 Synaptics TouchPad: is tagged by udev as: Touchpad
[    35.708] (II) event14 - SynPS/2 Synaptics TouchPad: device is a touchpad
[    35.708] (II) event14 - SynPS/2 Synaptics TouchPad: device removed
[    35.708] (**) Option "config_info" "udev:/sys/devices/platform/i8042/serio1/input/input8/event14"
[    35.708] (II) XINPUT: Adding extended input device "SynPS/2 Synaptics TouchPad" (type: TOUCHPAD, id 12)
[    35.709] (**) Option "AccelerationScheme" "none"
[    35.709] (**) SynPS/2 Synaptics TouchPad: (accel) selected scheme none/0
[    35.709] (**) SynPS/2 Synaptics TouchPad: (accel) acceleration factor: 2.000
[    35.709] (**) SynPS/2 Synaptics TouchPad: (accel) acceleration threshold: 4
[    35.710] (II) event14 - SynPS/2 Synaptics TouchPad: is tagged by udev as: Touchpad
[    35.711] (II) event14 - SynPS/2 Synaptics TouchPad: device is a touchpad
[    35.712] (II) config/udev: Adding input device SynPS/2 Synaptics TouchPad (/dev/input/mouse0)
[    35.712] (II) No input driver specified, ignoring this device.
[    35.712] (II) This device may have been added with another device file.
[    35.712] (II) config/udev: Adding input device ST LIS3LV02DL Accelerometer (/dev/input/event5)
[    35.712] (II) No input driver specified, ignoring this device.
[    35.712] (II) This device may have been added with another device file.
[    35.713] (II) config/udev: Adding input device ST LIS3LV02DL Accelerometer (/dev/input/js0)
[    35.713] (II) No input driver specified, ignoring this device.
[    35.713] (II) This device may have been added with another device file.
[    35.713] (II) config/udev: Adding input device PC Speaker (/dev/input/event6)
[    35.713] (II) No input driver specified, ignoring this device.
[    35.713] (II) This device may have been added with another device file.
[    35.716] (II) config/udev: Adding input device Wireless hotkeys (/dev/input/event4)
[    35.716] (**) Wireless hotkeys: Applying InputClass "libinput keyboard catchall"
[    35.716] (II) Using input driver 'libinput' for 'Wireless hotkeys'
[    35.717] (II) systemd-logind: got fd for /dev/input/event4 13:68 fd 36 paused 0
[    35.717] (**) Wireless hotkeys: always reports core events
[    35.717] (**) Option "Device" "/dev/input/event4"
[    35.718] (II) event4  - Wireless hotkeys: is tagged by udev as: Keyboard
[    35.718] (II) event4  - Wireless hotkeys: device is a keyboard
[    35.718] (II) event4  - Wireless hotkeys: device removed
[    35.718] (**) Option "config_info" "udev:/sys/devices/virtual/input/input5/event4"
[    35.718] (II) XINPUT: Adding extended input device "Wireless hotkeys" (type: KEYBOARD, id 13)
[    35.719] (II) event4  - Wireless hotkeys: is tagged by udev as: Keyboard
[    35.719] (II) event4  - Wireless hotkeys: device is a keyboard
[    35.720] (II) config/udev: Adding input device HP WMI hotkeys (/dev/input/event9)
[    35.720] (**) HP WMI hotkeys: Applying InputClass "libinput keyboard catchall"
[    35.720] (II) Using input driver 'libinput' for 'HP WMI hotkeys'
[    35.721] (II) systemd-logind: got fd for /dev/input/event9 13:73 fd 37 paused 0
[    35.721] (**) HP WMI hotkeys: always reports core events
[    35.721] (**) Option "Device" "/dev/input/event9"
[    35.722] (II) event9  - HP WMI hotkeys: is tagged by udev as: Keyboard Switch
[    35.722] (II) event9  - HP WMI hotkeys: device is a keyboard
[    35.722] (II) event9  - HP WMI hotkeys: device removed
[    35.722] (**) Option "config_info" "udev:/sys/devices/virtual/input/input9/event9"
[    35.722] (II) XINPUT: Adding extended input device "HP WMI hotkeys" (type: KEYBOARD, id 14)
[    35.723] (II) event9  - HP WMI hotkeys: is tagged by udev as: Keyboard Switch
[    35.723] (II) event9  - HP WMI hotkeys: device is a keyboard
